<?xml version="1.0" encoding="UTF-8"?>
<!-- Generated by org.testng.reporters.JUnitXMLReporter -->
<testsuite hostname="XIPL9722" ignored="0" name="Default test" tests="3" failures="0" timestamp="2021-07-07T22:02:13 IST" time="455.837" errors="0">
  <testcase name="loginWithSetOfTestData" time="26.036" classname="datadriventesting.DataDrivenTest"/>
  <testcase name="loginWithSetOfTestData" time="14.805" classname="datadriventesting.DataDrivenTest"/>
  <testcase name="loginWithSetOfTestData" time="13.325" classname="datadriventesting.DataDrivenTest"/>
</testsuite> <!-- Default test -->
