<?xml version="1.0" encoding="UTF-8"?>
<!-- Generated by org.testng.reporters.JUnitXMLReporter -->
<testsuite hostname="XIPL9722" ignored="0" name="Command line test" tests="1" failures="1" timestamp="2021-07-03T12:01:09 IST" time="9.208" errors="0">
  <testcase name="testDownload" time="0.137" classname="downloadfile.FileDownload">
    <failure type="java.lang.AssertionError" message="expected [true] but found [false]">
      <![CDATA[java.lang.AssertionError: expected [true] but found [false]
at downloadfile.FileDownload.testDownload(FileDownload.java:57)
at java.util.ArrayList.forEach(ArrayList.java:1257)
at TestRunner.TestRunner.main(TestRunner.java:18)
... Removed 28 stack frames]]>
    </failure>
  </testcase> <!-- testDownload -->
</testsuite> <!-- Command line test -->
