<?xml version="1.0" encoding="UTF-8"?>
<testng-results skipped="0" failed="0" ignored="0" total="1" passed="1">
  <reporter-output>
  </reporter-output>
  <suite name="Default suite" duration-ms="116201" started-at="2021-09-11T12:41:53 IST" finished-at="2021-09-11T12:43:49 IST">
    <groups>
    </groups>
    <test name="Default test" duration-ms="116201" started-at="2021-09-11T12:41:53 IST" finished-at="2021-09-11T12:43:49 IST">
      <class name="graphAutomation.ComplexSVGUiElements">
        <test-method status="PASS" signature="testBrowser()[pri:0, instance:graphAutomation.ComplexSVGUiElements@e1de817]" name="testBrowser" duration-ms="116165" started-at="2021-09-11T12:41:53 IST" finished-at="2021-09-11T12:43:49 IST">
          <reporter-output>
          </reporter-output>
        </test-method> <!-- testBrowser -->
      </class> <!-- graphAutomation.ComplexSVGUiElements -->
    </test> <!-- Default test -->
  </suite> <!-- Default suite -->
</testng-results>
